[preview.oklerthemes.com/porto/3.0.0/index-5.html]
[backblue.gif]
[fade.gif]
[index.html]
[preview.oklerthemes.com/porto/3.0.0/vendor/modernizr.js]
[preview.oklerthemes.com/porto/3.0.0/index.html]
[preview.oklerthemes.com/porto/3.0.0/img/logo.png]
[preview.oklerthemes.com/porto/3.0.0/about-us.html]
[preview.oklerthemes.com/porto/3.0.0/contact-us.html]
[preview.oklerthemes.com/porto/3.0.0/index-slider-2.html]
[preview.oklerthemes.com/porto/3.0.0/index-2.html]
[preview.oklerthemes.com/porto/3.0.0/index-3.html]
[preview.oklerthemes.com/porto/3.0.0/index-4.html]
[preview.oklerthemes.com/porto/3.0.0/index-one-page.html]
[preview.oklerthemes.com/porto/3.0.0/shortcodes.html]
[preview.oklerthemes.com/porto/3.0.0/about-us-basic.html]
[preview.oklerthemes.com/porto/3.0.0/about-me.html]
[preview.oklerthemes.com/porto/3.0.0/feature-pricing-tables.html]
[preview.oklerthemes.com/porto/3.0.0/feature-icons.html]
[preview.oklerthemes.com/porto/3.0.0/feature-animations.html]
[preview.oklerthemes.com/porto/3.0.0/feature-typography.html]
[preview.oklerthemes.com/porto/3.0.0/feature-grid-system.html]
[preview.oklerthemes.com/porto/3.0.0/index-header-2.html]
[preview.oklerthemes.com/porto/3.0.0/index-header-3.html]
[preview.oklerthemes.com/porto/3.0.0/index-header-4.html]
[preview.oklerthemes.com/porto/3.0.0/index-header-5.html]
[preview.oklerthemes.com/porto/3.0.0/index-header-6.html]
[preview.oklerthemes.com/porto/3.0.0/index-header-7.html]
[preview.oklerthemes.com/porto/3.0.0/index-header-signin.html]
[preview.oklerthemes.com/porto/3.0.0/index-header-logged.html]
[preview.oklerthemes.com/porto/3.0.0/index-footer-2.html]
[preview.oklerthemes.com/porto/3.0.0/index-footer-3.html]
[preview.oklerthemes.com/porto/3.0.0/index-footer-4.html]
[preview.oklerthemes.com/porto/3.0.0/blog-full-width.html]
[preview.oklerthemes.com/porto/3.0.0/blog-large-image.html]
[preview.oklerthemes.com/porto/3.0.0/blog-medium-image.html]
[preview.oklerthemes.com/porto/3.0.0/blog-timeline.html]
[preview.oklerthemes.com/porto/3.0.0/blog-post.html]
[preview.oklerthemes.com/porto/3.0.0/portfolio-4-columns.html]
[preview.oklerthemes.com/porto/3.0.0/portfolio-3-columns.html]
[preview.oklerthemes.com/porto/3.0.0/portfolio-2-columns.html]
[preview.oklerthemes.com/porto/3.0.0/portfolio-lightbox.html]
[preview.oklerthemes.com/porto/3.0.0/portfolio-timeline.html]
[preview.oklerthemes.com/porto/3.0.0/portfolio-full-width.html]
[preview.oklerthemes.com/porto/3.0.0/portfolio-single-project.html]
[preview.oklerthemes.com/porto/3.0.0/shop-full-width.html]
[preview.oklerthemes.com/porto/3.0.0/shop-sidebar.html]
[preview.oklerthemes.com/porto/3.0.0/shop-product-full-width.html]
[preview.oklerthemes.com/porto/3.0.0/shop-product-sidebar.html]
[preview.oklerthemes.com/porto/3.0.0/shop-cart.html]
[preview.oklerthemes.com/porto/3.0.0/shop-login.html]
[preview.oklerthemes.com/porto/3.0.0/shop-checkout.html]
[preview.oklerthemes.com/porto/3.0.0/page-full-width.html]
[preview.oklerthemes.com/porto/3.0.0/page-left-sidebar.html]
[preview.oklerthemes.com/porto/3.0.0/page-right-sidebar.html]
[preview.oklerthemes.com/porto/3.0.0/page-custom-header.html]
[preview.oklerthemes.com/porto/3.0.0/page-404.html]
[preview.oklerthemes.com/porto/3.0.0/page-team.html]
[preview.oklerthemes.com/porto/3.0.0/page-services.html]
[preview.oklerthemes.com/porto/3.0.0/page-careers.html]
[preview.oklerthemes.com/porto/3.0.0/page-faq.html]
[preview.oklerthemes.com/porto/3.0.0/page-login.html]
[preview.oklerthemes.com/porto/3.0.0/sitemap.html]
[preview.oklerthemes.com/porto/3.0.0/contact-us-advanced.html]
[preview.oklerthemes.com/porto/3.0.0/img/slides/gray-clouds.jpg]
[preview.oklerthemes.com/porto/3.0.0/video/gray-clouds.mp4]
[preview.oklerthemes.com/porto/3.0.0/video/gray-clouds.ogv]
[preview.oklerthemes.com/porto/3.0.0/img/home-concept-item-1.png]
[preview.oklerthemes.com/porto/3.0.0/img/home-concept-item-2.png]
[preview.oklerthemes.com/porto/3.0.0/img/home-concept-item-3.png]
[preview.oklerthemes.com/porto/3.0.0/index-5.html]
[preview.oklerthemes.com/porto/3.0.0/vendor/bootstrap/css/bootstrap.css]
[preview.oklerthemes.com/porto/3.0.0/vendor/font-awesome/css/font-awesome.css]
[preview.oklerthemes.com/porto/3.0.0/vendor/owl-carousel/owl.carousel.css]
[preview.oklerthemes.com/porto/3.0.0/vendor/owl-carousel/owl.theme.css]
[preview.oklerthemes.com/porto/3.0.0/vendor/magnific-popup/magnific-popup.css]
[preview.oklerthemes.com/porto/3.0.0/vendor/isotope/jquery.isotope.css]
[preview.oklerthemes.com/porto/3.0.0/vendor/mediaelement/mediaelementplayer.css]
[preview.oklerthemes.com/porto/3.0.0/css/theme.css]
[preview.oklerthemes.com/porto/3.0.0/css/theme-elements.css]
[preview.oklerthemes.com/porto/3.0.0/css/theme-blog.css]
[preview.oklerthemes.com/porto/3.0.0/css/theme-shop.css]
[preview.oklerthemes.com/porto/3.0.0/css/theme-animate.css]
[preview.oklerthemes.com/porto/3.0.0/vendor/rs-plugin/css/settings.css]
[preview.oklerthemes.com/porto/3.0.0/vendor/circle-flip-slideshow/css/component.css]
[preview.oklerthemes.com/porto/3.0.0/css/theme-responsive.css]
[preview.oklerthemes.com/porto/3.0.0/css/skins/default.css]
[preview.oklerthemes.com/porto/3.0.0/css/custom.css]
[preview.oklerthemes.com/porto/3.0.0/index.html]
[preview.oklerthemes.com/porto/3.0.0/about-us.html]
[preview.oklerthemes.com/porto/3.0.0/contact-us.html]
[preview.oklerthemes.com/porto/3.0.0/index-slider-2.html]
[preview.oklerthemes.com/porto/3.0.0/index-2.html]
[preview.oklerthemes.com/porto/3.0.0/index-3.html]
[preview.oklerthemes.com/porto/3.0.0/index-4.html]
[preview.oklerthemes.com/porto/3.0.0/index-one-page.html]
[preview.oklerthemes.com/porto/3.0.0/shortcodes.html]
[preview.oklerthemes.com/porto/3.0.0/about-us-basic.html]
[preview.oklerthemes.com/porto/3.0.0/about-me.html]
[preview.oklerthemes.com/porto/3.0.0/feature-pricing-tables.html]
[preview.oklerthemes.com/porto/3.0.0/feature-icons.html]
[preview.oklerthemes.com/porto/3.0.0/feature-animations.html]
[preview.oklerthemes.com/porto/3.0.0/feature-typography.html]
[preview.oklerthemes.com/porto/3.0.0/feature-grid-system.html]
[preview.oklerthemes.com/porto/3.0.0/index-header-2.html]
[preview.oklerthemes.com/porto/3.0.0/index-header-3.html]
[preview.oklerthemes.com/porto/3.0.0/index-header-4.html]
[preview.oklerthemes.com/porto/3.0.0/index-header-5.html]
[preview.oklerthemes.com/porto/3.0.0/index-header-6.html]
[preview.oklerthemes.com/porto/3.0.0/index-header-7.html]
[preview.oklerthemes.com/porto/3.0.0/index-header-signin.html]
[preview.oklerthemes.com/porto/3.0.0/index-header-logged.html]
[preview.oklerthemes.com/porto/3.0.0/index-footer-2.html]
[preview.oklerthemes.com/porto/3.0.0/index-footer-3.html]
[preview.oklerthemes.com/porto/3.0.0/index-footer-4.html]
[preview.oklerthemes.com/porto/3.0.0/blog-full-width.html]
[preview.oklerthemes.com/porto/3.0.0/blog-large-image.html]
[preview.oklerthemes.com/porto/3.0.0/blog-medium-image.html]
[preview.oklerthemes.com/porto/3.0.0/blog-timeline.html]
[preview.oklerthemes.com/porto/3.0.0/blog-post.html]
[preview.oklerthemes.com/porto/3.0.0/portfolio-4-columns.html]
[preview.oklerthemes.com/porto/3.0.0/portfolio-3-columns.html]
[preview.oklerthemes.com/porto/3.0.0/portfolio-2-columns.html]
[preview.oklerthemes.com/porto/3.0.0/portfolio-lightbox.html]
[preview.oklerthemes.com/porto/3.0.0/portfolio-timeline.html]
[preview.oklerthemes.com/porto/3.0.0/portfolio-full-width.html]
[preview.oklerthemes.com/porto/3.0.0/portfolio-single-project.html]
[preview.oklerthemes.com/porto/3.0.0/shop-full-width.html]
[preview.oklerthemes.com/porto/3.0.0/shop-sidebar.html]
[preview.oklerthemes.com/porto/3.0.0/shop-product-full-width.html]
[preview.oklerthemes.com/porto/3.0.0/shop-product-sidebar.html]
[preview.oklerthemes.com/porto/3.0.0/shop-cart.html]
[preview.oklerthemes.com/porto/3.0.0/shop-login.html]
[preview.oklerthemes.com/porto/3.0.0/shop-checkout.html]
[preview.oklerthemes.com/porto/3.0.0/page-full-width.html]
[preview.oklerthemes.com/porto/3.0.0/page-left-sidebar.html]
[preview.oklerthemes.com/porto/3.0.0/page-right-sidebar.html]
[preview.oklerthemes.com/porto/3.0.0/page-custom-header.html]
[preview.oklerthemes.com/porto/3.0.0/page-404.html]
[preview.oklerthemes.com/porto/3.0.0/page-team.html]
[preview.oklerthemes.com/porto/3.0.0/page-services.html]
[preview.oklerthemes.com/porto/3.0.0/page-careers.html]
[preview.oklerthemes.com/porto/3.0.0/page-faq.html]
[preview.oklerthemes.com/porto/3.0.0/page-login.html]
[preview.oklerthemes.com/porto/3.0.0/sitemap.html]
[preview.oklerthemes.com/porto/3.0.0/contact-us-advanced.html]
[preview.oklerthemes.com/porto/3.0.0/video/gray-clouds.mp4]
